<?xml version="1.0" encoding="UTF-8"?>
<testsuites name="Masoko Automated Tests" time="1" tests="0" failures="0" errors="1">
   <testsuite name="Masoko Automated Tests" tests="0" failures="0" errors="1" time="1" timestamp="2018-12-20 11:58:56" hostname="FMBUGUA1 - LTTECH1950.safaricom.net" id="Test Suites/Masoko Automated Tests">
      <properties>
         <property name="deviceName" value=""/>
         <property name="devicePlatform" value=""/>
         <property name="logFolder" value="C:\\Users\\fmbugua1\\Desktop\\Folder\\test\\masoko\\Reports\\Masoko Automated Tests\\20181220_115844"/>
         <property name="logFiles" value="C:\\Users\\fmbugua1\\Desktop\\Folder\\test\\masoko\\Reports\\Masoko Automated Tests\\20181220_115844\\execution0.log"/>
         <property name="attachments" value=""/>
         <property name="hostName" value="FMBUGUA1 - LTTECH1950.safaricom.net"/>
         <property name="hostAddress" value="169.254.12.217"/>
         <property name="os" value="Windows 10 64bit"/>
         <property name="katalonVersion" value="5.9.1.2"/>
      </properties>
      <testcase name="Test Cases/TC02-Login" classname="Test Cases/TC02-Login" status="ERROR">
         <error type="ERROR" message="Test Cases/TC02-Login FAILED.
Reason:
org.codehaus.groovy.runtime.metaclass.MissingMethodExceptionNoStack: No signature of method: com.masoko.d.Fungua() is applicable for argument types: (java.lang.String) values: [www.masoko.com]
Possible solutions: find()
"/>
         <system-out><![CDATA[2018-12-20 11:58:57 - [TEST_CASE][ERROR] - Test Cases/TC02-Login: Test Cases/TC02-Login FAILED.
Reason:
org.codehaus.groovy.runtime.metaclass.MissingMethodExceptionNoStack: No signature of method: com.masoko.d.Fungua() is applicable for argument types: (java.lang.String) values: [www.masoko.com]
Possible solutions: find()


2018-12-20 11:58:58 - [TEST_STEP][ERROR] - com.masoko.d.Fungua(url): com.masoko.d.Fungua(url) FAILED.
Reason:
org.codehaus.groovy.runtime.metaclass.MissingMethodExceptionNoStack: No signature of method: com.masoko.d.Fungua() is applicable for argument types: (java.lang.String) values: [www.masoko.com]
Possible solutions: find()


2018-12-20 11:58:58 - [MESSAGE][ERROR] - No signature of method: com.masoko.d.Fungua() is applicable for argument types: (java.lang.String) values: [www.masoko.com]
Possible solutions: find()

2018-12-20 11:58:58 - [MESSAGE][ERROR] - com.masoko.d.Fungua(url) FAILED.
Reason:
org.codehaus.groovy.runtime.metaclass.MissingMethodExceptionNoStack: No signature of method: com.masoko.d.Fungua() is applicable for argument types: (java.lang.String) values: [www.masoko.com]
Possible solutions: find()]]></system-out>
         <system-err><![CDATA[2018-12-20 11:58:57 - [TEST_CASE][ERROR] - Test Cases/TC02-Login: Test Cases/TC02-Login FAILED.
Reason:
org.codehaus.groovy.runtime.metaclass.MissingMethodExceptionNoStack: No signature of method: com.masoko.d.Fungua() is applicable for argument types: (java.lang.String) values: [www.masoko.com]
Possible solutions: find()]]></system-err>
      </testcase>
      <system-out><![CDATA[2018-12-20 11:58:56 - [TEST_SUITE][ERROR] - Masoko Automated Tests: Test Cases/TC02-Login FAILED.
Reason:
org.codehaus.groovy.runtime.metaclass.MissingMethodExceptionNoStack: No signature of method: com.masoko.d.Fungua() is applicable for argument types: (java.lang.String) values: [www.masoko.com]
Possible solutions: find()]]></system-out>
      <system-err><![CDATA[2018-12-20 11:58:56 - [TEST_SUITE][ERROR] - Masoko Automated Tests: Test Cases/TC02-Login FAILED.
Reason:
org.codehaus.groovy.runtime.metaclass.MissingMethodExceptionNoStack: No signature of method: com.masoko.d.Fungua() is applicable for argument types: (java.lang.String) values: [www.masoko.com]
Possible solutions: find()]]></system-err>
   </testsuite>
</testsuites>
